# JRE version: Java(TM) SE Runtime Environment (7.0_51-b13) (build 1.7.0_51-b13)
# Java VM: Java HotSpot(TM) 64-Bit Server VM (24.51-b03 mixed mode windows-amd64 compressed oops)
Heap
 PSYoungGen      total 241152K, used 153572K [0x00000007d5500000, 0x00000007f2e80000, 0x0000000800000000)
  eden space 87552K, 0% used [0x00000007d5500000,0x00000007d5500000,0x00000007daa80000)
  from space 153600K, 99% used [0x00000007daa80000,0x00000007e4079078,0x00000007e4080000)
  to   space 186880K, 0% used [0x00000007e7800000,0x00000007e7800000,0x00000007f2e80000)
 ParOldGen       total 294912K, used 269467K [0x0000000780000000, 0x0000000792000000, 0x00000007d5500000)
  object space 294912K, 91% used [0x0000000780000000,0x0000000790726fc8,0x0000000792000000)
 PSPermGen       total 21504K, used 5330K [0x000000077ae00000, 0x000000077c300000, 0x0000000780000000)
  object space 21504K, 24% used [0x000000077ae00000,0x000000077b3349b8,0x000000077c300000)
GC Heap History (10 events):
Event: 6.329 GC heap after
Heap after GC invocations=9 (full 2):
 PSYoungGen      total 147968K, used 59364K [0x00000007d5500000, 0x00000007e6700000, 0x0000000800000000)
  eden space 88576K, 0% used [0x00000007d5500000,0x00000007d5500000,0x00000007dab80000)
  from space 59392K, 99% used [0x00000007dab80000,0x00000007de579330,0x00000007de580000)
  to   space 85504K, 0% used [0x00000007e1380000,0x00000007e1380000,0x00000007e6700000)
 ParOldGen       total 294912K, used 168072K [0x0000000780000000, 0x0000000792000000, 0x00000007d5500000)
  object space 294912K, 56% used [0x0000000780000000,0x000000078a422298,0x0000000792000000)
 PSPermGen       total 21504K, used 5269K [0x000000077ae00000, 0x000000077c300000, 0x0000000780000000)
  object space 21504K, 24% used [0x000000077ae00000,0x000000077b325618,0x000000077c300000)
}
Event: 6.849 GC heap before
{Heap before GC invocations=10 (full 2):
 PSYoungGen      total 147968K, used 147940K [0x00000007d5500000, 0x00000007e6700000, 0x0000000800000000)
  eden space 88576K, 100% used [0x00000007d5500000,0x00000007dab80000,0x00000007dab80000)
  from space 59392K, 99% used [0x00000007dab80000,0x00000007de579330,0x00000007de580000)
  to   space 85504K, 0% used [0x00000007e1380000,0x00000007e1380000,0x00000007e6700000)
 ParOldGen       total 294912K, used 168072K [0x0000000780000000, 0x0000000792000000, 0x00000007d5500000)
  object space 294912K, 56% used [0x0000000780000000,0x000000078a422298,0x0000000792000000)
 PSPermGen       total 21504K, used 5271K [0x000000077ae00000, 0x000000077c300000, 0x0000000780000000)
  object space 21504K, 24% used [0x000000077ae00000,0x000000077b325e68,0x000000077c300000)
Event: 6.953 GC heap after
Heap after GC invocations=10 (full 2):
 PSYoungGen      total 172544K, used 85502K [0x00000007d5500000, 0x00000007e9700000, 0x0000000800000000)
  eden space 87040K, 0% used [0x00000007d5500000,0x00000007d5500000,0x00000007daa00000)
  from space 85504K, 99% used [0x00000007e1380000,0x00000007e66ffb58,0x00000007e6700000)
  to   space 108032K, 0% used [0x00000007daa00000,0x00000007daa00000,0x00000007e1380000)
 ParOldGen       total 294912K, used 188876K [0x0000000780000000, 0x0000000792000000, 0x00000007d5500000)
  object space 294912K, 64% used [0x0000000780000000,0x000000078b873040,0x0000000792000000)
 PSPermGen       total 21504K, used 5271K [0x000000077ae00000, 0x000000077c300000, 0x0000000780000000)
  object space 21504K, 24% used [0x000000077ae00000,0x000000077b325e68,0x000000077c300000)
}
Event: 7.299 GC heap before
{Heap before GC invocations=11 (full 2):
 PSYoungGen      total 172544K, used 172542K [0x00000007d5500000, 0x00000007e9700000, 0x0000000800000000)
  eden space 87040K, 100% used [0x00000007d5500000,0x00000007daa00000,0x00000007daa00000)
  from space 85504K, 99% used [0x00000007e1380000,0x00000007e66ffb58,0x00000007e6700000)
  to   space 108032K, 0% used [0x00000007daa00000,0x00000007daa00000,0x00000007e1380000)
 ParOldGen       total 294912K, used 188876K [0x0000000780000000, 0x0000000792000000, 0x00000007d5500000)
  object space 294912K, 64% used [0x0000000780000000,0x000000078b873040,0x0000000792000000)
 PSPermGen       total 21504K, used 5283K [0x000000077ae00000, 0x000000077c300000, 0x0000000780000000)
  object space 21504K, 24% used [0x000000077ae00000,0x000000077b328f98,0x000000077c300000)
Event: 7.427 GC heap after
Heap after GC invocations=11 (full 2):
 PSYoungGen      total 195072K, used 108015K [0x00000007d5500000, 0x00000007ec500000, 0x0000000800000000)
  eden space 87040K, 0% used [0x00000007d5500000,0x00000007d5500000,0x00000007daa00000)
  from space 108032K, 99% used [0x00000007daa00000,0x00000007e137bee8,0x00000007e1380000)
  to   space 135680K, 0% used [0x00000007e4080000,0x00000007e4080000,0x00000007ec500000)
 ParOldGen       total 294912K, used 214284K [0x0000000780000000, 0x0000000792000000, 0x00000007d5500000)
  object space 294912K, 72% used [0x0000000780000000,0x000000078d143340,0x0000000792000000)
 PSPermGen       total 21504K, used 5283K [0x000000077ae00000, 0x000000077c300000, 0x0000000780000000)
  object space 21504K, 24% used [0x000000077ae00000,0x000000077b328f98,0x000000077c300000)
}
Event: 7.692 GC heap before
{Heap before GC invocations=12 (full 2):
 PSYoungGen      total 195072K, used 195055K [0x00000007d5500000, 0x00000007ec500000, 0x0000000800000000)
  eden space 87040K, 100% used [0x00000007d5500000,0x00000007daa00000,0x00000007daa00000)
  from space 108032K, 99% used [0x00000007daa00000,0x00000007e137bee8,0x00000007e1380000)
  to   space 135680K, 0% used [0x00000007e4080000,0x00000007e4080000,0x00000007ec500000)
 ParOldGen       total 294912K, used 214284K [0x0000000780000000, 0x0000000792000000, 0x00000007d5500000)
  object space 294912K, 72% used [0x0000000780000000,0x000000078d143340,0x0000000792000000)
 PSPermGen       total 21504K, used 5318K [0x000000077ae00000, 0x000000077c300000, 0x0000000780000000)
  object space 21504K, 24% used [0x000000077ae00000,0x000000077b3319b0,0x000000077c300000)
Event: 7.835 GC heap after
Heap after GC invocations=12 (full 2):
 PSYoungGen      total 223232K, used 128424K [0x00000007d5500000, 0x00000007eec00000, 0x0000000800000000)
  eden space 87552K, 0% used [0x00000007d5500000,0x00000007d5500000,0x00000007daa80000)
  from space 135680K, 94% used [0x00000007e4080000,0x00000007ebdea0b8,0x00000007ec500000)
  to   space 153600K, 0% used [0x00000007daa80000,0x00000007daa80000,0x00000007e4080000)
 ParOldGen       total 294912K, used 242632K [0x0000000780000000, 0x0000000792000000, 0x00000007d5500000)
  object space 294912K, 82% used [0x0000000780000000,0x000000078ecf2180,0x0000000792000000)
 PSPermGen       total 21504K, used 5318K [0x000000077ae00000, 0x000000077c300000, 0x0000000780000000)
  object space 21504K, 24% used [0x000000077ae00000,0x000000077b3319b0,0x000000077c300000)
}
Event: 8.190 GC heap before
{Heap before GC invocations=13 (full 2):
 PSYoungGen      total 223232K, used 215976K [0x00000007d5500000, 0x00000007eec00000, 0x0000000800000000)
  eden space 87552K, 100% used [0x00000007d5500000,0x00000007daa80000,0x00000007daa80000)
  from space 135680K, 94% used [0x00000007e4080000,0x00000007ebdea0b8,0x00000007ec500000)
  to   space 153600K, 0% used [0x00000007daa80000,0x00000007daa80000,0x00000007e4080000)
 ParOldGen       total 294912K, used 242632K [0x0000000780000000, 0x0000000792000000, 0x00000007d5500000)
  object space 294912K, 82% used [0x0000000780000000,0x000000078ecf2180,0x0000000792000000)
 PSPermGen       total 21504K, used 5330K [0x000000077ae00000, 0x000000077c300000, 0x0000000780000000)
  object space 21504K, 24% used [0x000000077ae00000,0x000000077b3349b8,0x000000077c300000)
Event: 8.317 GC heap after
Heap after GC invocations=13 (full 2):
 PSYoungGen      total 241152K, used 153572K [0x00000007d5500000, 0x00000007f2e80000, 0x0000000800000000)
  eden space 87552K, 0% used [0x00000007d5500000,0x00000007d5500000,0x00000007daa80000)
  from space 153600K, 99% used [0x00000007daa80000,0x00000007e4079078,0x00000007e4080000)
  to   space 186880K, 0% used [0x00000007e7800000,0x00000007e7800000,0x00000007f2e80000)
 ParOldGen       total 294912K, used 269467K [0x0000000780000000, 0x0000000792000000, 0x00000007d5500000)
  object space 294912K, 91% used [0x0000000780000000,0x0000000790726fc8,0x0000000792000000)
 PSPermGen       total 21504K, used 5330K [0x000000077ae00000, 0x000000077c300000, 0x0000000780000000)
  object space 21504K, 24% used [0x000000077ae00000,0x000000077b3349b8,0x000000077c300000)
}
Event: 8.317 GC heap before
{Heap before GC invocations=14 (full 3):
 PSYoungGen      total 241152K, used 153572K [0x00000007d5500000, 0x00000007f2e80000, 0x0000000800000000)
  eden space 87552K, 0% used [0x00000007d5500000,0x00000007d5500000,0x00000007daa80000)
  from space 153600K, 99% used [0x00000007daa80000,0x00000007e4079078,0x00000007e4080000)
  to   space 186880K, 0% used [0x00000007e7800000,0x00000007e7800000,0x00000007f2e80000)
 ParOldGen       total 294912K, used 269467K [0x0000000780000000, 0x0000000792000000, 0x00000007d5500000)
  object space 294912K, 91% used [0x0000000780000000,0x0000000790726fc8,0x0000000792000000)
 PSPermGen       total 21504K, used 5330K [0x000000077ae00000, 0x000000077c300000, 0x0000000780000000)
  object space 21504K, 24% used [0x000000077ae00000,0x000000077b3349b8,0x000000077c300000)

